<?xml version="1.0" encoding="UTF-8"?>
<robot generator="Robot 3.1 (Python 3.8.1 on win32)" generated="20200831 15:34:59.123" rpa="false">
<suite id="s1" name="TechStyle Test Cases" source="C:\Users\jose.cardenas\git\rcardenas_hw\TechStyle Test Cases">
<suite id="s1-s1" name="ShoedazzleLoginHome" source="C:\Users\jose.cardenas\git\rcardenas_hw\TechStyle Test Cases\ShoedazzleLoginHome">
<suite id="s1-s1-s1" name="SD OktaLogin" source="C:\Users\jose.cardenas\git\rcardenas_hw\TechStyle Test Cases\ShoedazzleLoginHome\SD_OktaLogin.robot">
<test id="s1-s1-s1-t1" name="Validate Home Login">
<kw name="OktaLogin" library="SD_Keywords">
<kw name="Open Browser" library="SeleniumLibrary">
<doc>Opens a new browser instance to the given ``url``.</doc>
<arguments>
<arg>url=https://www.shoedazzle.com/debug</arg>
<arg>browser=chrome</arg>
</arguments>
<msg timestamp="20200831 15:34:59.462" level="INFO">Opening browser 'chrome' to base url 'https://www.shoedazzle.com/debug'.</msg>
<kw name="Capture Page Screenshot" library="SeleniumLibrary">
<doc>Takes screenshot of the current page and embeds it into log file.</doc>
<msg timestamp="20200831 15:35:03.283" level="INFO">Cannot capture screenshot because no browser is open.</msg>
<status status="PASS" starttime="20200831 15:35:03.282" endtime="20200831 15:35:03.284"></status>
</kw>
<msg timestamp="20200831 15:35:03.287" level="FAIL">SessionNotCreatedException: Message: session not created: This version of ChromeDriver only supports Chrome version 83
</msg>
<status status="FAIL" starttime="20200831 15:34:59.461" endtime="20200831 15:35:03.287"></status>
</kw>
<status status="FAIL" starttime="20200831 15:34:59.461" endtime="20200831 15:35:03.287"></status>
</kw>
<status status="FAIL" starttime="20200831 15:34:59.460" endtime="20200831 15:35:03.288" critical="yes">SessionNotCreatedException: Message: session not created: This version of ChromeDriver only supports Chrome version 83
</status>
</test>
<status status="FAIL" starttime="20200831 15:34:59.192" endtime="20200831 15:35:03.288"></status>
</suite>
<status status="FAIL" starttime="20200831 15:34:59.189" endtime="20200831 15:35:03.290"></status>
</suite>
<status status="FAIL" starttime="20200831 15:34:59.164" endtime="20200831 15:35:03.293"></status>
</suite>
<statistics>
<total>
<stat pass="0" fail="1">Critical Tests</stat>
<stat pass="0" fail="1">All Tests</stat>
</total>
<tag>
</tag>
<suite>
<stat pass="0" fail="1" id="s1" name="TechStyle Test Cases">TechStyle Test Cases</stat>
<stat pass="0" fail="1" id="s1-s1" name="ShoedazzleLoginHome">TechStyle Test Cases.ShoedazzleLoginHome</stat>
<stat pass="0" fail="1" id="s1-s1-s1" name="SD OktaLogin">TechStyle Test Cases.ShoedazzleLoginHome.SD OktaLogin</stat>
</suite>
</statistics>
<errors>
</errors>
</robot>
