<?xml version="1.0" encoding="UTF-8"?>
<robot generator="Robot 3.1 (Python 3.8.1 on win32)" generated="20200826 18:10:35.532" rpa="false">
<suite id="s1" name="TechStyle Test Cases" source="C:\Users\jose.cardenas\eclipse-workspace\TechStyle Test Cases">
<suite id="s1-s1" name="ShoedazzleLoginHome" source="C:\Users\jose.cardenas\eclipse-workspace\TechStyle Test Cases\ShoedazzleLoginHome">
<suite id="s1-s1-s1" name="HomeLogin" source="C:\Users\jose.cardenas\eclipse-workspace\TechStyle Test Cases\ShoedazzleLoginHome\HomeLogin.robot">
<test id="s1-s1-s1-t1" name="Validate Home Login">
<kw name="Login" library="KeywordsLoginLogout">
<kw name="Open Browser" library="SeleniumLibrary">
<doc>Opens a new browser instance to the given ``url``.</doc>
<arguments>
<arg>url=https://www.shoedazzle.com/</arg>
<arg>browser=chrome</arg>
</arguments>
<msg timestamp="20200826 18:10:35.974" level="INFO">Opening browser 'chrome' to base url 'https://www.shoedazzle.com/'.</msg>
<status status="PASS" starttime="20200826 18:10:35.973" endtime="20200826 18:10:44.672"></status>
</kw>
<kw name="Maximize Browser Window" library="SeleniumLibrary">
<doc>Maximizes current browser window.</doc>
<status status="PASS" starttime="20200826 18:10:44.673" endtime="20200826 18:10:46.812"></status>
</kw>
<kw name="Wait Until Element Is Visible" library="SeleniumLibrary">
<doc>Waits until element ``locator`` is visible.</doc>
<arguments>
<arg>${homelogo}</arg>
</arguments>
<status status="PASS" starttime="20200826 18:10:46.813" endtime="20200826 18:10:46.877"></status>
</kw>
<kw name="Wait Until Element Is Visible" library="SeleniumLibrary">
<doc>Waits until element ``locator`` is visible.</doc>
<arguments>
<arg>${siginlink}</arg>
</arguments>
<status status="PASS" starttime="20200826 18:10:46.877" endtime="20200826 18:10:46.923"></status>
</kw>
<kw name="Click Link" library="SeleniumLibrary">
<doc>Clicks a link identified by ``locator``.</doc>
<arguments>
<arg>${siginlink}</arg>
</arguments>
<msg timestamp="20200826 18:10:46.924" level="INFO">Clicking link 'xpath://a[@class='signin-link login_modal_trigger']'.</msg>
<status status="PASS" starttime="20200826 18:10:46.923" endtime="20200826 18:10:47.137"></status>
</kw>
<kw name="Wait Until Element Is Visible" library="SeleniumLibrary">
<doc>Waits until element ``locator`` is visible.</doc>
<arguments>
<arg>${loginpopup}</arg>
</arguments>
<status status="PASS" starttime="20200826 18:10:47.137" endtime="20200826 18:10:47.414"></status>
</kw>
<kw name="Element Should Be Visible" library="SeleniumLibrary">
<doc>Verifies that the element identified by ``locator`` is visible.</doc>
<arguments>
<arg>${user_textbox_popup}</arg>
</arguments>
<msg timestamp="20200826 18:10:47.438" level="INFO">Element 'xpath://input[@id='reference_data']' is displayed.</msg>
<status status="PASS" starttime="20200826 18:10:47.415" endtime="20200826 18:10:47.438"></status>
</kw>
<kw name="Input Text" library="SeleniumLibrary">
<doc>Types the given ``text`` into text field identified by ``locator``.</doc>
<arguments>
<arg>${user_textbox_popup}</arg>
<arg>${user email}</arg>
</arguments>
<msg timestamp="20200826 18:10:47.439" level="INFO">Typing text 'ramon_ccpa3@test.com' into text field 'xpath://input[@id='reference_data']'.</msg>
<status status="PASS" starttime="20200826 18:10:47.439" endtime="20200826 18:10:47.619"></status>
</kw>
<kw name="Element Should Be Visible" library="SeleniumLibrary">
<doc>Verifies that the element identified by ``locator`` is visible.</doc>
<arguments>
<arg>${password_textbox_popup}</arg>
</arguments>
<msg timestamp="20200826 18:10:47.650" level="INFO">Element 'xpath://input[@id='verification_data']' is displayed.</msg>
<status status="PASS" starttime="20200826 18:10:47.620" endtime="20200826 18:10:47.651"></status>
</kw>
<kw name="Input Text" library="SeleniumLibrary">
<doc>Types the given ``text`` into text field identified by ``locator``.</doc>
<arguments>
<arg>${password_textbox_popup}</arg>
<arg>${user password}</arg>
</arguments>
<msg timestamp="20200826 18:10:47.652" level="INFO">Typing text 'test123' into text field 'xpath://input[@id='verification_data']'.</msg>
<status status="PASS" starttime="20200826 18:10:47.651" endtime="20200826 18:10:47.796"></status>
</kw>
<kw name="Element Should Be Visible" library="SeleniumLibrary">
<doc>Verifies that the element identified by ``locator`` is visible.</doc>
<arguments>
<arg>${signin_button_popup}</arg>
</arguments>
<msg timestamp="20200826 18:10:47.831" level="INFO">Element 'xpath://form[@id='loginForm']//div//div//div[contains(text(),'Sign In')]' is displayed.</msg>
<status status="PASS" starttime="20200826 18:10:47.797" endtime="20200826 18:10:47.831"></status>
</kw>
<kw name="Click Element" library="SeleniumLibrary">
<doc>Click element identified by ``locator``.</doc>
<arguments>
<arg>${signin_button_popup}</arg>
</arguments>
<msg timestamp="20200826 18:10:47.832" level="INFO">Clicking element 'xpath://form[@id='loginForm']//div//div//div[contains(text(),'Sign In')]'.</msg>
<status status="PASS" starttime="20200826 18:10:47.831" endtime="20200826 18:10:47.945"></status>
</kw>
<kw name="Wait Until Element Is Visible" library="SeleniumLibrary">
<doc>Waits until element ``locator`` is visible.</doc>
<arguments>
<arg>${myaccount_button}</arg>
</arguments>
<status status="PASS" starttime="20200826 18:10:47.945" endtime="20200826 18:10:51.524"></status>
</kw>
<kw name="Capture Page Screenshot" library="SeleniumLibrary">
<doc>Takes screenshot of the current page and embeds it into log file.</doc>
<msg timestamp="20200826 18:10:51.941" level="INFO" html="yes">&lt;/td&gt;&lt;/tr&gt;&lt;tr&gt;&lt;td colspan="3"&gt;&lt;a href="selenium-screenshot-3.png"&gt;&lt;img src="selenium-screenshot-3.png" width="800px"&gt;&lt;/a&gt;</msg>
<status status="PASS" starttime="20200826 18:10:51.524" endtime="20200826 18:10:51.941"></status>
</kw>
<status status="PASS" starttime="20200826 18:10:35.973" endtime="20200826 18:10:51.941"></status>
</kw>
<kw name="Logout" library="KeywordsLoginLogout">
<kw name="Wait Until Element Is Visible" library="SeleniumLibrary">
<doc>Waits until element ``locator`` is visible.</doc>
<arguments>
<arg>${myaccount_button}</arg>
</arguments>
<status status="PASS" starttime="20200826 18:10:51.943" endtime="20200826 18:10:51.967"></status>
</kw>
<kw name="Mouse Over" library="SeleniumLibrary">
<doc>Simulates hovering mouse over the element ``locator``.</doc>
<arguments>
<arg>${myaccount_button}</arg>
</arguments>
<msg timestamp="20200826 18:10:51.968" level="INFO">Simulating Mouse Over on element 'xpath://i[@class='fontello icon-user-sd']'.</msg>
<status status="PASS" starttime="20200826 18:10:51.967" endtime="20200826 18:10:53.081"></status>
</kw>
<kw name="Wait Until Element Is Visible" library="SeleniumLibrary">
<doc>Waits until element ``locator`` is visible.</doc>
<arguments>
<arg>${logout_button}</arg>
</arguments>
<status status="PASS" starttime="20200826 18:10:53.081" endtime="20200826 18:10:53.187"></status>
</kw>
<kw name="Click Element" library="SeleniumLibrary">
<doc>Click element identified by ``locator``.</doc>
<arguments>
<arg>${logout_button}</arg>
</arguments>
<msg timestamp="20200826 18:10:53.188" level="INFO">Clicking element 'xpath://a[@id='top_nav_sign_out_link']'.</msg>
<status status="PASS" starttime="20200826 18:10:53.187" endtime="20200826 18:10:54.872"></status>
</kw>
<status status="PASS" starttime="20200826 18:10:51.942" endtime="20200826 18:10:54.873"></status>
</kw>
<status status="PASS" starttime="20200826 18:10:35.971" endtime="20200826 18:10:54.874" critical="yes"></status>
</test>
<status status="PASS" starttime="20200826 18:10:35.618" endtime="20200826 18:10:54.876"></status>
</suite>
<status status="PASS" starttime="20200826 18:10:35.614" endtime="20200826 18:10:54.879"></status>
</suite>
<status status="PASS" starttime="20200826 18:10:35.581" endtime="20200826 18:10:54.886"></status>
</suite>
<statistics>
<total>
<stat pass="1" fail="0">Critical Tests</stat>
<stat pass="1" fail="0">All Tests</stat>
</total>
<tag>
</tag>
<suite>
<stat pass="1" fail="0" id="s1" name="TechStyle Test Cases">TechStyle Test Cases</stat>
<stat pass="1" fail="0" id="s1-s1" name="ShoedazzleLoginHome">TechStyle Test Cases.ShoedazzleLoginHome</stat>
<stat pass="1" fail="0" id="s1-s1-s1" name="HomeLogin">TechStyle Test Cases.ShoedazzleLoginHome.HomeLogin</stat>
</suite>
</statistics>
<errors>
</errors>
</robot>
